This is pdfTeX, Version 3.14159265-2.6-1.40.21 (TeX Live 2020/Arch Linux) (preloaded format=pdflatex 2021.2.10)  24 MAR 2021 16:09
entering extended mode
 restricted \write18 enabled.
 %&-line parsing enabled.
**AdvancedComputingArchitecturesNotes.tex
(./AdvancedComputingArchitecturesNotes.tex
LaTeX2e <2020-10-01> patch level 2
L3 programming layer <2020-12-03> xparse <2020-03-03>
(/usr/share/texmf-dist/tex/latex/base/article.cls
Document Class: article 2020/04/10 v1.4m Standard LaTeX document class
(/usr/share/texmf-dist/tex/latex/base/size10.clo
File: size10.clo 2020/04/10 v1.4m Standard LaTeX file (size option)
)
\c@part=\count177
\c@section=\count178
\c@subsection=\count179
\c@subsubsection=\count180
\c@paragraph=\count181
\c@subparagraph=\count182
\c@figure=\count183
\c@table=\count184
\abovecaptionskip=\skip47
\belowcaptionskip=\skip48
\bibindent=\dimen138
)
(/usr/share/texmf-dist/tex/latex/amsmath/amsmath.sty
Package: amsmath 2020/09/23 v2.17i AMS math features
\@mathmargin=\skip49

For additional information on amsmath, use the `?' option.
(/usr/share/texmf-dist/tex/latex/amsmath/amstext.sty
Package: amstext 2000/06/29 v2.01 AMS text

(/usr/share/texmf-dist/tex/latex/amsmath/amsgen.sty
File: amsgen.sty 1999/11/30 v2.0 generic functions
\@emptytoks=\toks15
\ex@=\dimen139
))
(/usr/share/texmf-dist/tex/latex/amsmath/amsbsy.sty
Package: amsbsy 1999/11/29 v1.2d Bold Symbols
\pmbraise@=\dimen140
)
(/usr/share/texmf-dist/tex/latex/amsmath/amsopn.sty
Package: amsopn 2016/03/08 v2.02 operator names
)
\inf@bad=\count185
LaTeX Info: Redefining \frac on input line 234.
\uproot@=\count186
\leftroot@=\count187
LaTeX Info: Redefining \overline on input line 399.
\classnum@=\count188
\DOTSCASE@=\count189
LaTeX Info: Redefining \ldots on input line 496.
LaTeX Info: Redefining \dots on input line 499.
LaTeX Info: Redefining \cdots on input line 620.
\Mathstrutbox@=\box47
\strutbox@=\box48
\big@size=\dimen141
LaTeX Font Info:    Redeclaring font encoding OML on input line 743.
LaTeX Font Info:    Redeclaring font encoding OMS on input line 744.
\macc@depth=\count190
\c@MaxMatrixCols=\count191
\dotsspace@=\muskip16
\c@parentequation=\count192
\dspbrk@lvl=\count193
\tag@help=\toks16
\row@=\count194
\column@=\count195
\maxfields@=\count196
\andhelp@=\toks17
\eqnshift@=\dimen142
\alignsep@=\dimen143
\tagshift@=\dimen144
\tagwidth@=\dimen145
\totwidth@=\dimen146
\lineht@=\dimen147
\@envbody=\toks18
\multlinegap=\skip50
\multlinetaggap=\skip51
\mathdisplay@stack=\toks19
LaTeX Info: Redefining \[ on input line 2923.
LaTeX Info: Redefining \] on input line 2924.
)
(/usr/share/texmf-dist/tex/latex/float/float.sty
Package: float 2001/11/08 v1.3d Float enhancements (AL)
\c@float@type=\count197
\float@exts=\toks20
\float@box=\box49
\@float@everytoks=\toks21
\@floatcapt=\box50
)
(/usr/share/texmf-dist/tex/latex/graphics/graphicx.sty
Package: graphicx 2020/09/09 v1.2b Enhanced LaTeX Graphics (DPC,SPQR)

(/usr/share/texmf-dist/tex/latex/graphics/keyval.sty
Package: keyval 2014/10/28 v1.15 key=value parser (DPC)
\KV@toks@=\toks22
)
(/usr/share/texmf-dist/tex/latex/graphics/graphics.sty
Package: graphics 2020/08/30 v1.4c Standard LaTeX Graphics (DPC,SPQR)

(/usr/share/texmf-dist/tex/latex/graphics/trig.sty
Package: trig 2016/01/03 v1.10 sin cos tan (DPC)
)
(/usr/share/texmf-dist/tex/latex/graphics-cfg/graphics.cfg
File: graphics.cfg 2016/06/04 v1.11 sample graphics configuration
)
Package graphics Info: Driver file: pdftex.def on input line 105.

(/usr/share/texmf-dist/tex/latex/graphics-def/pdftex.def
File: pdftex.def 2020/10/05 v1.2a Graphics/color driver for pdftex
))
\Gin@req@height=\dimen148
\Gin@req@width=\dimen149
)
(/usr/share/texmf-dist/tex/latex/l3backend/l3backend-pdftex.def
File: l3backend-pdftex.def 2020-09-24 L3 backend support: PDF output (pdfTeX)
\l__kernel_color_stack_int=\count198
\l__pdf_internal_box=\box51
)
(./AdvancedComputingArchitecturesNotes.aux)
LaTeX Font Info:    Checking defaults for OML/cmm/m/it on input line 7.
LaTeX Font Info:    ... okay on input line 7.
LaTeX Font Info:    Checking defaults for OMS/cmsy/m/n on input line 7.
LaTeX Font Info:    ... okay on input line 7.
LaTeX Font Info:    Checking defaults for OT1/cmr/m/n on input line 7.
LaTeX Font Info:    ... okay on input line 7.
LaTeX Font Info:    Checking defaults for T1/cmr/m/n on input line 7.
LaTeX Font Info:    ... okay on input line 7.
LaTeX Font Info:    Checking defaults for TS1/cmr/m/n on input line 7.
LaTeX Font Info:    ... okay on input line 7.
LaTeX Font Info:    Checking defaults for OMX/cmex/m/n on input line 7.
LaTeX Font Info:    ... okay on input line 7.
LaTeX Font Info:    Checking defaults for U/cmr/m/n on input line 7.
LaTeX Font Info:    ... okay on input line 7.

(/usr/share/texmf-dist/tex/context/base/mkii/supp-pdf.mkii
[Loading MPS to PDF converter (version 2006.09.02).]
\scratchcounter=\count199
\scratchdimen=\dimen150
\scratchbox=\box52
\nofMPsegments=\count266
\nofMParguments=\count267
\everyMPshowfont=\toks23
\MPscratchCnt=\count268
\MPscratchDim=\dimen151
\MPnumerator=\count269
\makeMPintoPDFobject=\count270
\everyMPtoPDFconversion=\toks24
) (/usr/share/texmf-dist/tex/latex/epstopdf-pkg/epstopdf-base.sty
Package: epstopdf-base 2020-01-24 v2.11 Base part for package epstopdf
Package epstopdf-base Info: Redefining graphics rule for `.eps' on input line 4
85.

(/usr/share/texmf-dist/tex/latex/latexconfig/epstopdf-sys.cfg
File: epstopdf-sys.cfg 2010/07/13 v1.3 Configuration of (r)epstopdf for TeX Liv
e
)) [1

{/var/lib/texmf/fonts/map/pdftex/updmap/pdftex.map}]
(./AdvancedComputingArchitecturesNotes.toc)
\tf@toc=\write3
 [1]
Underfull \hbox (badness 10000) in paragraph at lines 25--26

 []

[2

]
Overfull \hbox (17.30579pt too wide) detected at line 43
\OML/cmm/m/it/10 SPEEDUP[] \OT1/cmr/m/n/10 = [] = (1 \OMS/cmsy/m/n/10 ^^@ \OML/
cmm/m/it/10 Fraction[] \OT1/cmr/m/n/10 + [])[]
 []


Underfull \hbox (badness 10000) in paragraph at lines 43--45

 []


Overfull \hbox (0.35947pt too wide) in paragraph at lines 52--53
[]\OT1/cmr/m/n/10 CPI - Av-er-age CPI (clock per in-struc-tion) rep-re-sents ob
-vi-ously yhe amount
 []

[3]
Underfull \hbox (badness 10000) in paragraph at lines 78--79

 []

[4]
<./images/MIPSDP.png, id=30, 682.80093pt x 360.59718pt>
File: ./images/MIPSDP.png Graphic file (type png)
<use ./images/MIPSDP.png>
Package pdftex.def Info: ./images/MIPSDP.png  used on input line 101.
(pdftex.def)             Requested size: 345.0pt x 182.20192pt.
<./images/MIPSCPU.png, id=31, 630.85687pt x 388.45125pt>
File: ./images/MIPSCPU.png Graphic file (type png)
<use ./images/MIPSCPU.png>
Package pdftex.def Info: ./images/MIPSCPU.png  used on input line 107.
(pdftex.def)             Requested size: 345.0pt x 212.43375pt.
 [5 <./images/MIPSDP.png (PNG copy)>]
<./images/MIPSCPUPIPELINED.png, id=35, 675.27281pt x 353.06906pt>
File: ./images/MIPSCPUPIPELINED.png Graphic file (type png)
<use ./images/MIPSCPUPIPELINED.png>
Package pdftex.def Info: ./images/MIPSCPUPIPELINED.png  used on input line 113.

(pdftex.def)             Requested size: 345.0pt x 180.38608pt.
 [6 <./images/MIPSCPU.png (PNG copy)> <./images/MIPSCPUPIPELINED.png (PNG copy)
>]
<./images/ArchBuses.png, id=40, 637.63219pt x 410.2828pt>
File: ./images/ArchBuses.png Graphic file (type png)
<use ./images/ArchBuses.png>
Package pdftex.def Info: ./images/ArchBuses.png  used on input line 131.
(pdftex.def)             Requested size: 345.0pt x 221.98764pt.
 [7 <./images/ArchBuses.png (PNG copy)>]
<./images/forwarding.png, id=44, 659.46375pt x 343.2825pt>
File: ./images/forwarding.png Graphic file (type png)
<use ./images/forwarding.png>
Package pdftex.def Info: ./images/forwarding.png  used on input line 167.
(pdftex.def)             Requested size: 345.0pt x 179.5922pt.
 [8] [9 <./images/forwarding.png (PNG copy)>]
Overfull \hbox (1.79219pt too wide) in paragraph at lines 205--206
 \OT1/cmr/bx/n/10 Dy-namic Branch Pre-dic-tion Tech-niques[] \OT1/cmr/m/n/10 Ho
w can we en-hance the "branch
 []

<./images/BHTFSA.png, id=51, 691.83469pt x 365.11406pt>
File: ./images/BHTFSA.png Graphic file (type png)
<use ./images/BHTFSA.png>
Package pdftex.def Info: ./images/BHTFSA.png  used on input line 211.
(pdftex.def)             Requested size: 345.0pt x 182.07745pt.
[10]
<./images/BHTFSA2.png, id=55, 689.57625pt x 379.4175pt>
File: ./images/BHTFSA2.png Graphic file (type png)
<use ./images/BHTFSA2.png>
Package pdftex.def Info: ./images/BHTFSA2.png  used on input line 218.
(pdftex.def)             Requested size: 345.0pt x 189.82407pt.

Underfull \hbox (badness 10000) in paragraph at lines 220--222

 []

[11 <./images/BHTFSA.png (PNG copy)> <./images/BHTFSA2.png (PNG copy)>]
[12] (./AdvancedComputingArchitecturesNotes.aux) ) 
Here is how much of TeX's memory you used:
 1935 strings out of 479383
 27059 string characters out of 5875830
 308433 words of memory out of 5000000
 19049 multiletter control sequences out of 15000+600000
 409801 words of font info for 49 fonts, out of 8000000 for 9000
 1141 hyphenation exceptions out of 8191
 66i,6n,72p,668b,225s stack positions out of 5000i,500n,10000p,200000b,80000s
{/usr/share/texmf-dist/fonts/
enc/dvips/cm-super/cm-super-ts1.enc}</usr/share/texmf-dist/fonts/type1/public/a
msfonts/cm/cmbx10.pfb></usr/share/texmf-dist/fonts/type1/public/amsfonts/cm/cmb
x12.pfb></usr/share/texmf-dist/fonts/type1/public/amsfonts/cm/cmmi10.pfb></usr/
share/texmf-dist/fonts/type1/public/amsfonts/cm/cmmi7.pfb></usr/share/texmf-dis
t/fonts/type1/public/amsfonts/cm/cmr10.pfb></usr/share/texmf-dist/fonts/type1/p
ublic/amsfonts/cm/cmr12.pfb></usr/share/texmf-dist/fonts/type1/public/amsfonts/
cm/cmr17.pfb></usr/share/texmf-dist/fonts/type1/public/amsfonts/cm/cmr7.pfb></u
sr/share/texmf-dist/fonts/type1/public/amsfonts/cm/cmsy10.pfb></usr/share/texmf
-dist/fonts/type1/public/amsfonts/cm/cmsy7.pfb></usr/share/texmf-dist/fonts/typ
e1/public/amsfonts/cm/cmti10.pfb></usr/share/texmf-dist/fonts/type1/public/cm-s
uper/sfrm1000.pfb>
Output written on AdvancedComputingArchitecturesNotes.pdf (13 pages, 636203 byt
es).
PDF statistics:
 103 PDF objects out of 1000 (max. 8388607)
 68 compressed objects within 1 object stream
 0 named destinations out of 1000 (max. 500000)
 36 words of extra memory for PDF output out of 10000 (max. 10000000)

